# JRE version: Java(TM) SE Runtime Environment (8.0_191-b12) (build 1.8.0_191-b12)
# Java VM: Java HotSpot(TM) 64-Bit Server VM (25.191-b12 mixed mode linux-amd64 compressed oops)
Heap:
 PSYoungGen      total 282624K, used 0K [0x00000000eab00000, 0x0000000100000000, 0x0000000100000000)
  eden space 214528K, 0% used [0x00000000eab00000,0x00000000eab00000,0x00000000f7c80000)
  from space 68096K, 0% used [0x00000000fbd80000,0x00000000fbd80000,0x0000000100000000)
  to   space 66560K, 0% used [0x00000000f7c80000,0x00000000f7c80000,0x00000000fbd80000)
 ParOldGen       total 139264K, used 64217K [0x00000000c0000000, 0x00000000c8800000, 0x00000000eab00000)
  object space 139264K, 46% used [0x00000000c0000000,0x00000000c3eb6478,0x00000000c8800000)
 Metaspace       used 65525K, capacity 68106K, committed 68504K, reserved 1107968K
  class space    used 9008K, capacity 9556K, committed 9648K, reserved 1048576K
GC Heap History (10 events):
Event: 46,729 GC heap after
Heap after GC invocations=13 (full 3):
 PSYoungGen      total 223232K, used 27125K [0x00000000eab00000, 0x00000000fcc00000, 0x0000000100000000)
  eden space 196096K, 0% used [0x00000000eab00000,0x00000000eab00000,0x00000000f6a80000)
  from space 27136K, 99% used [0x00000000f8f80000,0x00000000fa9fd500,0x00000000faa00000)
  to   space 37888K, 0% used [0x00000000f6a80000,0x00000000f6a80000,0x00000000f8f80000)
 ParOldGen       total 139264K, used 56253K [0x00000000c0000000, 0x00000000c8800000, 0x00000000eab00000)
  object space 139264K, 40% used [0x00000000c0000000,0x00000000c36ef618,0x00000000c8800000)
 Metaspace       used 63673K, capacity 66030K, committed 66200K, reserved 1105920K
  class space    used 8816K, capacity 9338K, committed 9392K, reserved 1048576K
}
Event: 51,567 GC heap before
{Heap before GC invocations=14 (full 3):
 PSYoungGen      total 223232K, used 223116K [0x00000000eab00000, 0x00000000fcc00000, 0x0000000100000000)
  eden space 196096K, 99% used [0x00000000eab00000,0x00000000f6a65b18,0x00000000f6a80000)
  from space 27136K, 99% used [0x00000000f8f80000,0x00000000fa9fd500,0x00000000faa00000)
  to   space 37888K, 0% used [0x00000000f6a80000,0x00000000f6a80000,0x00000000f8f80000)
 ParOldGen       total 139264K, used 56253K [0x00000000c0000000, 0x00000000c8800000, 0x00000000eab00000)
  object space 139264K, 40% used [0x00000000c0000000,0x00000000c36ef618,0x00000000c8800000)
 Metaspace       used 64107K, capacity 66586K, committed 66712K, reserved 1105920K
  class space    used 8830K, capacity 9382K, committed 9392K, reserved 1048576K
Event: 51,692 GC heap after
Heap after GC invocations=14 (full 3):
 PSYoungGen      total 233984K, used 37880K [0x00000000eab00000, 0x0000000100000000, 0x0000000100000000)
  eden space 196096K, 0% used [0x00000000eab00000,0x00000000eab00000,0x00000000f6a80000)
  from space 37888K, 99% used [0x00000000f6a80000,0x00000000f8f7e220,0x00000000f8f80000)
  to   space 48128K, 0% used [0x00000000fd100000,0x00000000fd100000,0x0000000100000000)
 ParOldGen       total 139264K, used 67834K [0x00000000c0000000, 0x00000000c8800000, 0x00000000eab00000)
  object space 139264K, 48% used [0x00000000c0000000,0x00000000c423e820,0x00000000c8800000)
 Metaspace       used 64107K, capacity 66586K, committed 66712K, reserved 1105920K
  class space    used 8830K, capacity 9382K, committed 9392K, reserved 1048576K
}
Event: 56,249 GC heap before
{Heap before GC invocations=15 (full 3):
 PSYoungGen      total 233984K, used 232036K [0x00000000eab00000, 0x0000000100000000, 0x0000000100000000)
  eden space 196096K, 99% used [0x00000000eab00000,0x00000000f689aed8,0x00000000f6a80000)
  from space 37888K, 99% used [0x00000000f6a80000,0x00000000f8f7e220,0x00000000f8f80000)
  to   space 48128K, 0% used [0x00000000fd100000,0x00000000fd100000,0x0000000100000000)
 ParOldGen       total 139264K, used 67834K [0x00000000c0000000, 0x00000000c8800000, 0x00000000eab00000)
  object space 139264K, 48% used [0x00000000c0000000,0x00000000c423e820,0x00000000c8800000)
 Metaspace       used 65372K, capacity 67948K, committed 68248K, reserved 1107968K
  class space    used 8991K, capacity 9537K, committed 9648K, reserved 1048576K
Event: 56,361 GC heap after
Heap after GC invocations=15 (full 3):
 PSYoungGen      total 267264K, used 48118K [0x00000000eab00000, 0x0000000100000000, 0x0000000100000000)
  eden space 219136K, 0% used [0x00000000eab00000,0x00000000eab00000,0x00000000f8100000)
  from space 48128K, 99% used [0x00000000fd100000,0x00000000ffffd9f8,0x0000000100000000)
  to   space 65024K, 0% used [0x00000000f8100000,0x00000000f8100000,0x00000000fc080000)
 ParOldGen       total 139264K, used 91449K [0x00000000c0000000, 0x00000000c8800000, 0x00000000eab00000)
  object space 139264K, 65% used [0x00000000c0000000,0x00000000c594e630,0x00000000c8800000)
 Metaspace       used 65372K, capacity 67948K, committed 68248K, reserved 1107968K
  class space    used 8991K, capacity 9537K, committed 9648K, reserved 1048576K
}
Event: 57,020 GC heap before
{Heap before GC invocations=16 (full 3):
 PSYoungGen      total 267264K, used 266946K [0x00000000eab00000, 0x0000000100000000, 0x0000000100000000)
  eden space 219136K, 99% used [0x00000000eab00000,0x00000000f80b3110,0x00000000f8100000)
  from space 48128K, 99% used [0x00000000fd100000,0x00000000ffffd9f8,0x0000000100000000)
  to   space 65024K, 0% used [0x00000000f8100000,0x00000000f8100000,0x00000000fc080000)
 ParOldGen       total 139264K, used 91449K [0x00000000c0000000, 0x00000000c8800000, 0x00000000eab00000)
  object space 139264K, 65% used [0x00000000c0000000,0x00000000c594e630,0x00000000c8800000)
 Metaspace       used 65557K, capacity 68210K, committed 68504K, reserved 1107968K
  class space    used 9021K, capacity 9578K, committed 9648K, reserved 1048576K
Event: 57,135 GC heap after
Heap after GC invocations=16 (full 3):
 PSYoungGen      total 263168K, used 43521K [0x00000000eab00000, 0x0000000100000000, 0x0000000100000000)
  eden space 219136K, 0% used [0x00000000eab00000,0x00000000eab00000,0x00000000f8100000)
  from space 44032K, 98% used [0x00000000f8100000,0x00000000fab805e0,0x00000000fac00000)
  to   space 68096K, 0% used [0x00000000fbd80000,0x00000000fbd80000,0x0000000100000000)
 ParOldGen       total 139264K, used 101618K [0x00000000c0000000, 0x00000000c8800000, 0x00000000eab00000)
  object space 139264K, 72% used [0x00000000c0000000,0x00000000c633c8c8,0x00000000c8800000)
 Metaspace       used 65557K, capacity 68210K, committed 68504K, reserved 1107968K
  class space    used 9021K, capacity 9578K, committed 9648K, reserved 1048576K
}
Event: 57,182 GC heap before
{Heap before GC invocations=17 (full 3):
 PSYoungGen      total 263168K, used 262634K [0x00000000eab00000, 0x0000000100000000, 0x0000000100000000)
  eden space 219136K, 99% used [0x00000000eab00000,0x00000000f80fa4f0,0x00000000f8100000)
  from space 44032K, 98% used [0x00000000f8100000,0x00000000fab805e0,0x00000000fac00000)
  to   space 68096K, 0% used [0x00000000fbd80000,0x00000000fbd80000,0x0000000100000000)
 ParOldGen       total 139264K, used 101618K [0x00000000c0000000, 0x00000000c8800000, 0x00000000eab00000)
  object space 139264K, 72% used [0x00000000c0000000,0x00000000c633c8c8,0x00000000c8800000)
 Metaspace       used 65563K, capacity 68210K, committed 68504K, reserved 1107968K
  class space    used 9021K, capacity 9578K, committed 9648K, reserved 1048576K
Event: 57,251 GC heap after
Heap after GC invocations=17 (full 3):
 PSYoungGen      total 282624K, used 10189K [0x00000000eab00000, 0x0000000100000000, 0x0000000100000000)
  eden space 214528K, 0% used [0x00000000eab00000,0x00000000eab00000,0x00000000f7c80000)
  from space 68096K, 14% used [0x00000000fbd80000,0x00000000fc773578,0x0000000100000000)
  to   space 66560K, 0% used [0x00000000f7c80000,0x00000000f7c80000,0x00000000fbd80000)
 ParOldGen       total 139264K, used 132326K [0x00000000c0000000, 0x00000000c8800000, 0x00000000eab00000)
  object space 139264K, 95% used [0x00000000c0000000,0x00000000c8139bc8,0x00000000c8800000)
 Metaspace       used 65563K, capacity 68210K, committed 68504K, reserved 1107968K
  class space    used 9021K, capacity 9578K, committed 9648K, reserved 1048576K
}
Event: 57,300 GC heap before
{Heap before GC invocations=18 (full 4):
 PSYoungGen      total 282624K, used 10189K [0x00000000eab00000, 0x0000000100000000, 0x0000000100000000)
  eden space 214528K, 0% used [0x00000000eab00000,0x00000000eab00000,0x00000000f7c80000)
  from space 68096K, 14% used [0x00000000fbd80000,0x00000000fc773578,0x0000000100000000)
  to   space 66560K, 0% used [0x00000000f7c80000,0x00000000f7c80000,0x00000000fbd80000)
 ParOldGen       total 139264K, used 132326K [0x00000000c0000000, 0x00000000c8800000, 0x00000000eab00000)
  object space 139264K, 95% used [0x00000000c0000000,0x00000000c8139bc8,0x00000000c8800000)
 Metaspace       used 65563K, capacity 68210K, committed 68504K, reserved 1107968K
  class space    used 9021K, capacity 9578K, committed 9648K, reserved 1048576K

